<?xml version="1.0" encoding="UTF-8"?>
<testsuite xmlns:xsi="http://www.w3.org/2001/XMLSchema-instance" xsi:noNamespaceSchemaLocation="https://maven.apache.org/surefire/maven-surefire-plugin/xsd/surefire-test-report.xsd" version="3.0.2" name="com.touche.cyberhoot.CyberhootApplicationTests" time="3.024" tests="1" errors="0" skipped="0" failures="0">
  <properties>
[...]
</properties>
  <testcase name="contextLoads" classname="com.touche.cyberhoot.CyberhootApplicationTests" time="0.757">
    <system-out><![CDATA[10:29:23.098 [main] INFO org.springframework.test.context.support.AnnotationConfigContextLoaderUtils -- Could not detect default configuration classes for test class [com.touche.cyberhoot.CyberhootApplicationTests]: CyberhootApplicationTests does not declare any static, non-private, non-final, nested classes annotated with @Configuration.
10:29:23.232 [main] INFO org.springframework.boot.test.context.SpringBootTestContextBootstrapper -- Found @SpringBootConfiguration com.touche.cyberhoot.CyberhootApplication for test class com.touche.cyberhoot.CyberhootApplicationTests

  .   ____          _            __ _ _
 /\\ / ___'_ __ _ _(_)_ __  __ _ \ \ \ \
( ( )\___ | '_ | '_| | '_ \/ _` | \ \ \ \
 \\/  ___)| |_)| | | | | || (_| |  ) ) ) )
  '  |____| .__|_| |_|_| |_\__, | / / / /
 =========|_|==============|___/=/_/_/_/

 :: Spring Boot ::                (v3.4.5)

2025-04-26T10:29:23.784+03:00  INFO 5452 --- [cyberhoot] [           main] c.t.cyberhoot.CyberhootApplicationTests  : Starting CyberhootApplicationTests using Java 22.0.1 with PID 5452 (started by Gebruiker in C:\cyberhoot\backend)
2025-04-26T10:29:23.786+03:00  INFO 5452 --- [cyberhoot] [           main] c.t.cyberhoot.CyberhootApplicationTests  : No active profile set, falling back to 1 default profile: "default"
2025-04-26T10:29:25.184+03:00  INFO 5452 --- [cyberhoot] [           main] c.t.cyberhoot.CyberhootApplicationTests  : Started CyberhootApplicationTests in 1.809 seconds (process running for 3.483)
]]></system-out>
    <system-err><![CDATA[Mockito is currently self-attaching to enable the inline-mock-maker. This will no longer work in future releases of the JDK. Please add Mockito as an agent to your build what is described in Mockito's documentation: https://javadoc.io/doc/org.mockito/mockito-core/latest/org/mockito/Mockito.html#0.3
WARNING: A Java agent has been loaded dynamically (C:\Users\Gebruiker\.m2\repository\net\bytebuddy\byte-buddy-agent\1.15.11\byte-buddy-agent-1.15.11.jar)
WARNING: If a serviceability tool is in use, please run with -XX:+EnableDynamicAgentLoading to hide this warning
WARNING: If a serviceability tool is not in use, please run with -Djdk.instrument.traceUsage for more information
WARNING: Dynamic loading of agents will be disallowed by default in a future release
]]></system-err>
  </testcase>
</testsuite>